Using pre-set license
Built from '2021.3/staging' branch; Version is '2021.3.20f1 (577897200b8b) revision 5732503'; Using compiler version '192829333'; Build Type 'Release'
OS: 'Windows 10  (10.0.19045) 64bit Core' Language: 'es' Physical Memory: 32718 MB
BatchMode: 1, IsHumanControllingUs: 0, StartBugReporterOnCrash: 0, Is64bit: 1, IsPro: 1

COMMAND LINE ARGUMENTS:
D:\UNITY\2021.3.20f1\Editor\Unity.exe
-adb2
-batchMode
-noUpm
-name
AssetImportWorker2
-projectPath
C:/Users/Usuario/Desktop/SEGUNDO/UNITY PROJECTS/My project
-logFile
Logs/AssetImportWorker2.log
-srvPort
62202
Successfully changed project path to: C:/Users/Usuario/Desktop/SEGUNDO/UNITY PROJECTS/My project
C:/Users/Usuario/Desktop/SEGUNDO/UNITY PROJECTS/My project
[UnityMemory] Configuration Parameters - Can be set up in boot.config
    "memorysetup-bucket-allocator-granularity=16"
    "memorysetup-bucket-allocator-bucket-count=8"
    "memorysetup-bucket-allocator-block-size=33554432"
    "memorysetup-bucket-allocator-block-count=8"
    "memorysetup-main-allocator-block-size=16777216"
    "memorysetup-thread-allocator-block-size=16777216"
    "memorysetup-gfx-main-allocator-block-size=16777216"
    "memorysetup-gfx-thread-allocator-block-size=16777216"
    "memorysetup-cache-allocator-block-size=4194304"
    "memorysetup-typetree-allocator-block-size=2097152"
    "memorysetup-profiler-bucket-allocator-granularity=16"
    "memorysetup-profiler-bucket-allocator-bucket-count=8"
    "memorysetup-profiler-bucket-allocator-block-size=33554432"
    "memorysetup-profiler-bucket-allocator-block-count=8"
    "memorysetup-profiler-allocator-block-size=16777216"
    "memorysetup-profiler-editor-allocator-block-size=1048576"
    "memorysetup-temp-allocator-size-main=16777216"
    "memorysetup-job-temp-allocator-block-size=2097152"
    "memorysetup-job-temp-allocator-block-size-background=1048576"
    "memorysetup-job-temp-allocator-reduction-small-platforms=262144"
    "memorysetup-temp-allocator-size-background-worker=32768"
    "memorysetup-temp-allocator-size-job-worker=262144"
    "memorysetup-temp-allocator-size-preload-manager=33554432"
    "memorysetup-temp-allocator-size-nav-mesh-worker=65536"
    "memorysetup-temp-allocator-size-audio-worker=65536"
    "memorysetup-temp-allocator-size-cloud-worker=32768"
    "memorysetup-temp-allocator-size-gi-baking-worker=262144"
    "memorysetup-temp-allocator-size-gfx=262144"
Player connection [18640] Host "[IP] 192.168.18.8 [Port] 0 [Flags] 2 [Guid] 3120648492 [EditorId] 3120648492 [Version] 1048832 [Id] WindowsEditor(7,JORGE) [Debug] 1 [PackageName] WindowsEditor [ProjectName] Editor" joined multi-casting on [225.0.0.222:54997]...

Player connection [18640] Host "[IP] 192.168.18.8 [Port] 0 [Flags] 2 [Guid] 3120648492 [EditorId] 3120648492 [Version] 1048832 [Id] WindowsEditor(7,JORGE) [Debug] 1 [PackageName] WindowsEditor [ProjectName] Editor" joined alternative multi-casting on [225.0.0.222:34997]...

Refreshing native plugins compatible for Editor in 73.04 ms, found 3 plugins.
Preloading 0 native plugins for Editor in 0.00 ms.
Initialize engine version: 2021.3.20f1 (577897200b8b)
[Subsystems] Discovering subsystems at path D:/UNITY/2021.3.20f1/Editor/Data/Resources/UnitySubsystems
[Subsystems] Discovering subsystems at path C:/Users/Usuario/Desktop/SEGUNDO/UNITY PROJECTS/My project/Assets
GfxDevice: creating device client; threaded=0; jobified=0
Direct3D:
    Version:  Direct3D 11.0 [level 11.1]
    Renderer: NVIDIA GeForce GTX 1650 (ID=0x1f82)
    Vendor:   NVIDIA
    VRAM:     3949 MB
    Driver:   31.0.15.2802
Initialize mono
Mono path[0] = 'D:/UNITY/2021.3.20f1/Editor/Data/Managed'
Mono path[1] = 'D:/UNITY/2021.3.20f1/Editor/Data/MonoBleedingEdge/lib/mono/unityjit-win32'
Mono config path = 'D:/UNITY/2021.3.20f1/Editor/Data/MonoBleedingEdge/etc'
Using monoOptions --debugger-agent=transport=dt_socket,embedding=1,server=y,suspend=n,address=127.0.0.1:56504
Begin MonoManager ReloadAssembly
Registering precompiled unity dll's ...
Register platform support module: D:/UNITY/2021.3.20f1/Editor/Data/PlaybackEngines/WebGLSupport/UnityEditor.WebGL.Extensions.dll
Register platform support module: D:/UNITY/2021.3.20f1/Editor/Data/PlaybackEngines/WindowsStandaloneSupport/UnityEditor.WindowsStandalone.Extensions.dll
Registered in 0.003008 seconds.
Native extension for WindowsStandalone target not found
Native extension for WebGL target not found
Refreshing native plugins compatible for Editor in 69.93 ms, found 3 plugins.
Preloading 0 native plugins for Editor in 0.00 ms.
Mono: successfully reloaded assembly
- Completed reload, in  0.526 seconds
Domain Reload Profiling:
	ReloadAssembly (527ms)
		BeginReloadAssembly (68ms)
			ExecutionOrderSort (0ms)
			DisableScriptedObjects (0ms)
			BackupInstance (0ms)
			ReleaseScriptingObjects (0ms)
			CreateAndSetChildDomain (1ms)
		EndReloadAssembly (380ms)
			LoadAssemblies (67ms)
			RebuildTransferFunctionScriptingTraits (0ms)
			SetupTypeCache (88ms)
			ReleaseScriptCaches (0ms)
			RebuildScriptCaches (23ms)
			SetupLoadedEditorAssemblies (231ms)
				LogAssemblyErrors (0ms)
				InitializePlatformSupportModulesInManaged (7ms)
				SetLoadedEditorAssemblies (0ms)
				RefreshPlugins (70ms)
				BeforeProcessingInitializeOnLoad (1ms)
				ProcessInitializeOnLoadAttributes (116ms)
				ProcessInitializeOnLoadMethodAttributes (37ms)
				AfterProcessingInitializeOnLoad (0ms)
				EditorAssembliesLoaded (0ms)
			ExecutionOrderSort2 (0ms)
			AwakeInstancesAfterBackupRestoration (0ms)
Platform modules already initialized, skipping
Registering precompiled user dll's ...
Registered in 0.006109 seconds.
Begin MonoManager ReloadAssembly
Symbol file LoadedFromMemory doesn't match image C:\Users\Usuario\Desktop\SEGUNDO\UNITY PROJECTS\My project\Library\PackageCache\com.unity.visualscripting@1.8.0\Editor\VisualScripting.Core\Dependencies\YamlDotNet\Unity.VisualScripting.YamlDotNet.dll
Symbol file LoadedFromMemory doesn't match image C:\Users\Usuario\Desktop\SEGUNDO\UNITY PROJECTS\My project\Library\PackageCache\com.unity.visualscripting@1.8.0\Editor\VisualScripting.Core\Dependencies\DotNetZip\Unity.VisualScripting.IonicZip.dll
Native extension for WindowsStandalone target not found
Native extension for WebGL target not found
Refreshing native plugins compatible for Editor in 0.49 ms, found 3 plugins.
Preloading 0 native plugins for Editor in 0.00 ms.
Mono: successfully reloaded assembly
- Completed reload, in  0.808 seconds
Domain Reload Profiling:
	ReloadAssembly (809ms)
		BeginReloadAssembly (99ms)
			ExecutionOrderSort (0ms)
			DisableScriptedObjects (5ms)
			BackupInstance (0ms)
			ReleaseScriptingObjects (0ms)
			CreateAndSetChildDomain (16ms)
		EndReloadAssembly (621ms)
			LoadAssemblies (73ms)
			RebuildTransferFunctionScriptingTraits (0ms)
			SetupTypeCache (212ms)
			ReleaseScriptCaches (1ms)
			RebuildScriptCaches (39ms)
			SetupLoadedEditorAssemblies (273ms)
				LogAssemblyErrors (0ms)
				InitializePlatformSupportModulesInManaged (4ms)
				SetLoadedEditorAssemblies (0ms)
				RefreshPlugins (1ms)
				BeforeProcessingInitializeOnLoad (70ms)
				ProcessInitializeOnLoadAttributes (180ms)
				ProcessInitializeOnLoadMethodAttributes (15ms)
				AfterProcessingInitializeOnLoad (3ms)
				EditorAssembliesLoaded (0ms)
			ExecutionOrderSort2 (0ms)
			AwakeInstancesAfterBackupRestoration (5ms)
Platform modules already initialized, skipping
========================================================================
Worker process is ready to serve import requests
Launched and connected shader compiler UnityShaderCompiler.exe after 0.07 seconds
Refreshing native plugins compatible for Editor in 0.75 ms, found 3 plugins.
Preloading 0 native plugins for Editor in 0.00 ms.
Unloading 3049 Unused Serialized files (Serialized files now loaded: 0)
Unloading 24 unused Assets / (113.5 KB). Loaded Objects now: 3509.
Memory consumption went from 107.6 MB to 107.5 MB.
Total: 2.799100 ms (FindLiveObjects: 0.260100 ms CreateObjectMapping: 0.085700 ms MarkObjects: 2.365800 ms  DeleteObjects: 0.086600 ms)

AssetImportParameters requested are different than current active one (requested -> active):
  custom:video-decoder-ogg-theora: a1e56fd34408186e4bbccfd4996cb3dc -> 
  custom:container-muxer-webm: aa71ff27fc2769a1b78a27578f13a17b -> 
  custom:container-demuxer-webm: 4f35f7cbe854078d1ac9338744f61a02 -> 
  custom:video-encoder-webm-vp8: eb34c28f22e8b96e1ab97ce403110664 -> 
  custom:audio-encoder-webm-vorbis: bf7c407c2cedff20999df2af8eb42d56 -> 
  custom:framework-win-MediaFoundation: 216162199b28c13a410421893ffa2e32 -> 
  custom:container-demuxer-ogg: 62fdf1f143b41e24485cea50d1cbac27 -> 
  custom:video-decoder-webm-vp8: 9c59270c3fd7afecdb556c50c9e8de78 -> 
  custom:audio-decoder-ogg-vorbis: bf7c407c2cedff20999df2af8eb42d56 -> 
========================================================================
Received Import Request.
  Time since last request: 92899.660750 seconds.
  path: Assets/Materials/3d-obama-face-with-lowpoly-05.jpg
  artifactKey: Guid(9efd6d23d88cc41459acc88240cc5a5c) Importer(815301076,1909f56bfc062723c751e8b465ee728b)
Start importing Assets/Materials/3d-obama-face-with-lowpoly-05.jpg using Guid(9efd6d23d88cc41459acc88240cc5a5c) Importer(815301076,1909f56bfc062723c751e8b465ee728b)  -> (artifact id: 'c961658d5aa05d18c3706b718b6a4554') in 0.089496 seconds 
========================================================================
Received Import Request.
  Time since last request: 190.076435 seconds.
  path: Assets/Materials/Materials
  artifactKey: Guid(3b97c33cd2b6f2e49a24aeadd6bb3eac) Importer(815301076,1909f56bfc062723c751e8b465ee728b)
Start importing Assets/Materials/Materials using Guid(3b97c33cd2b6f2e49a24aeadd6bb3eac) Importer(815301076,1909f56bfc062723c751e8b465ee728b)  -> (artifact id: '64d76be0b8b70895ab1af86442bbf677') in 0.001939 seconds 
========================================================================
Received Import Request.
  Time since last request: 0.061021 seconds.
  path: Assets/Materials/Materials/3d-obama-face-with-lowpoly-05.mat
  artifactKey: Guid(0842c893c758b1440830ab2213f317df) Importer(815301076,1909f56bfc062723c751e8b465ee728b)
Start importing Assets/Materials/Materials/3d-obama-face-with-lowpoly-05.mat using Guid(0842c893c758b1440830ab2213f317df) Importer(815301076,1909f56bfc062723c751e8b465ee728b)  -> (artifact id: 'ea7f2177c2f905b900682736751a5152') in 0.060505 seconds 
========================================================================
Received Import Request.
  Time since last request: 21.027969 seconds.
  path: Assets/Materials/3d-obama-face-with-lowpoly-05.mat
  artifactKey: Guid(0842c893c758b1440830ab2213f317df) Importer(815301076,1909f56bfc062723c751e8b465ee728b)
Start importing Assets/Materials/3d-obama-face-with-lowpoly-05.mat using Guid(0842c893c758b1440830ab2213f317df) Importer(815301076,1909f56bfc062723c751e8b465ee728b)  -> (artifact id: 'ccb138ec796c6925ba2b8001a19ac861') in 0.006258 seconds 
========================================================================
Received Import Request.
  Time since last request: 65.692747 seconds.
  path: Assets/Materials/human-skin1_albedo.png
  artifactKey: Guid(4f19f5e03f339834fba2a1cb71e3502b) Importer(815301076,1909f56bfc062723c751e8b465ee728b)
Start importing Assets/Materials/human-skin1_albedo.png using Guid(4f19f5e03f339834fba2a1cb71e3502b) Importer(815301076,1909f56bfc062723c751e8b465ee728b)  -> (artifact id: 'ae58e72e62ac8f436559e12684de759a') in 0.011333 seconds 
========================================================================
Received Import Request.
  Time since last request: 0.000024 seconds.
  path: Assets/Materials/human-skin1_albedo_4.png
  artifactKey: Guid(e6e4d2444e1b5704cba64a535966259c) Importer(815301076,1909f56bfc062723c751e8b465ee728b)
Start importing Assets/Materials/human-skin1_albedo_4.png using Guid(e6e4d2444e1b5704cba64a535966259c) Importer(815301076,1909f56bfc062723c751e8b465ee728b)  -> (artifact id: '0d274f4f012035f8cc04e1270d819eb4') in 0.011883 seconds 
========================================================================
Received Import Request.
  Time since last request: 0.000027 seconds.
  path: Assets/Materials/human-skin1_albedo_2.png
  artifactKey: Guid(6cc282c86274d254781540e79ddad1e3) Importer(815301076,1909f56bfc062723c751e8b465ee728b)
Start importing Assets/Materials/human-skin1_albedo_2.png using Guid(6cc282c86274d254781540e79ddad1e3) Importer(815301076,1909f56bfc062723c751e8b465ee728b)  -> (artifact id: 'c0da76cba2ff9198d72f03c5b349e757') in 0.008754 seconds 
Editor requested this worker to shutdown with reason: Scaling down because of idle timeout
AssetImportWorker is now disconnected from the server
Process exiting
Exiting without the bug reporter. Application will terminate with return code 0